<?xml version="1.0" encoding="UTF-8"?>
<testng-results skipped="0" failed="0" ignored="0" total="1" passed="1">
  <reporter-output>
  </reporter-output>
  <suite name="AmazoneTest" duration-ms="24277" started-at="2018-01-12T07:10:00Z" finished-at="2018-01-12T07:10:25Z">
    <groups>
    </groups>
    <test name="Command line test" duration-ms="24277" started-at="2018-01-12T07:10:00Z" finished-at="2018-01-12T07:10:25Z">
      <class name="AmazoneTest">
        <test-method status="PASS" signature="amazon()[pri:0, instance:AmazoneTest@7a0ac6e3]" name="amazon" duration-ms="24262" started-at="2018-01-11T23:10:00Z" finished-at="2018-01-11T23:10:25Z">
          <reporter-output>
          </reporter-output>
        </test-method> <!-- amazon -->
      </class> <!-- AmazoneTest -->
    </test> <!-- Command line test -->
  </suite> <!-- AmazoneTest -->
</testng-results>
